<?xml version="1.0" encoding="UTF-8"?>
<testng-results ignored="0" total="2" passed="2" failed="0" skipped="0">
  <reporter-output>
  </reporter-output>
  <suite started-at="2024-09-10T19:43:56 IST" name="Suite" finished-at="2024-09-10T19:44:45 IST" duration-ms="49287">
    <groups>
    </groups>
    <test started-at="2024-09-10T19:43:56 IST" name="Test" finished-at="2024-09-10T19:44:45 IST" duration-ms="49287">
      <class name="organization.CreateOrganizationTest">
        <test-method is-config="true" signature="BC()[pri:0, instance:organization.CreateOrganizationTest@36804139]" started-at="2024-09-10T19:44:16 IST" name="BC" finished-at="2024-09-10T19:44:19 IST" duration-ms="2641" status="PASS">
          <reporter-output>
          </reporter-output>
        </test-method> <!-- BC -->
        <test-method is-config="true" signature="BM()[pri:0, instance:organization.CreateOrganizationTest@36804139]" started-at="2024-09-10T19:44:19 IST" name="BM" finished-at="2024-09-10T19:44:22 IST" duration-ms="3409" status="PASS">
          <reporter-output>
          </reporter-output>
        </test-method> <!-- BM -->
        <test-method signature="createOrganization()[pri:0, instance:organization.CreateOrganizationTest@36804139]" started-at="2024-09-10T19:44:22 IST" name="createOrganization" finished-at="2024-09-10T19:44:42 IST" duration-ms="20373" status="PASS">
          <reporter-output>
          </reporter-output>
        </test-method> <!-- createOrganization -->
        <test-method is-config="true" signature="AM()[pri:0, instance:organization.CreateOrganizationTest@36804139]" started-at="2024-09-10T19:44:42 IST" name="AM" finished-at="2024-09-10T19:44:44 IST" duration-ms="1291" status="PASS">
          <reporter-output>
          </reporter-output>
        </test-method> <!-- AM -->
        <test-method is-config="true" signature="AC()[pri:0, instance:organization.CreateOrganizationTest@36804139]" started-at="2024-09-10T19:44:44 IST" name="AC" finished-at="2024-09-10T19:44:45 IST" duration-ms="1380" status="PASS">
          <reporter-output>
          </reporter-output>
        </test-method> <!-- AC -->
      </class> <!-- organization.CreateOrganizationTest -->
      <class name="campaigns.CreateCampaignsTest">
        <test-method is-config="true" signature="BS()[pri:0, instance:campaigns.CreateCampaignsTest@4470fbd6]" started-at="2024-09-10T19:43:56 IST" name="BS" finished-at="2024-09-10T19:43:56 IST" duration-ms="14" status="PASS">
          <reporter-output>
          </reporter-output>
        </test-method> <!-- BS -->
        <test-method is-config="true" signature="BT()[pri:0, instance:campaigns.CreateCampaignsTest@4470fbd6]" started-at="2024-09-10T19:43:56 IST" name="BT" finished-at="2024-09-10T19:43:56 IST" duration-ms="0" status="PASS">
          <reporter-output>
          </reporter-output>
        </test-method> <!-- BT -->
        <test-method is-config="true" signature="BC()[pri:0, instance:campaigns.CreateCampaignsTest@4470fbd6]" started-at="2024-09-10T19:43:56 IST" name="BC" finished-at="2024-09-10T19:44:00 IST" duration-ms="3765" status="PASS">
          <reporter-output>
          </reporter-output>
        </test-method> <!-- BC -->
        <test-method is-config="true" signature="BM()[pri:0, instance:campaigns.CreateCampaignsTest@4470fbd6]" started-at="2024-09-10T19:44:00 IST" name="BM" finished-at="2024-09-10T19:44:04 IST" duration-ms="3413" status="PASS">
          <reporter-output>
          </reporter-output>
        </test-method> <!-- BM -->
        <test-method signature="createCampaignsTest()[pri:0, instance:campaigns.CreateCampaignsTest@4470fbd6]" started-at="2024-09-10T19:44:04 IST" name="createCampaignsTest" finished-at="2024-09-10T19:44:13 IST" duration-ms="9550" status="PASS">
          <reporter-output>
          </reporter-output>
        </test-method> <!-- createCampaignsTest -->
        <test-method is-config="true" signature="AM()[pri:0, instance:campaigns.CreateCampaignsTest@4470fbd6]" started-at="2024-09-10T19:44:13 IST" name="AM" finished-at="2024-09-10T19:44:15 IST" duration-ms="1386" status="PASS">
          <reporter-output>
          </reporter-output>
        </test-method> <!-- AM -->
        <test-method is-config="true" signature="AC()[pri:0, instance:campaigns.CreateCampaignsTest@4470fbd6]" started-at="2024-09-10T19:44:15 IST" name="AC" finished-at="2024-09-10T19:44:16 IST" duration-ms="1346" status="PASS">
          <reporter-output>
          </reporter-output>
        </test-method> <!-- AC -->
        <test-method is-config="true" signature="AT()[pri:0, instance:campaigns.CreateCampaignsTest@4470fbd6]" started-at="2024-09-10T19:44:45 IST" name="AT" finished-at="2024-09-10T19:44:45 IST" duration-ms="0" status="PASS">
          <reporter-output>
          </reporter-output>
        </test-method> <!-- AT -->
        <test-method is-config="true" signature="AS()[pri:0, instance:campaigns.CreateCampaignsTest@4470fbd6]" started-at="2024-09-10T19:44:46 IST" name="AS" finished-at="2024-09-10T19:44:46 IST" duration-ms="0" status="PASS">
          <reporter-output>
          </reporter-output>
        </test-method> <!-- AS -->
      </class> <!-- campaigns.CreateCampaignsTest -->
    </test> <!-- Test -->
  </suite> <!-- Suite -->
</testng-results>
